<?xml version="1.0" encoding="UTF-8"?>
<coverage generated="1638235730127" clover="3.2.0">
  <project timestamp="1638235730127" name="All files">
    <metrics statements="241" coveredstatements="122" conditionals="124" coveredconditionals="62" methods="78" coveredmethods="31" elements="443" coveredelements="215" complexity="0" loc="241" ncloc="241" packages="6" files="10" classes="10"/>
    <package name="renderer.components.dashboard">
      <metrics statements="96" coveredstatements="43" conditionals="35" coveredconditionals="14" methods="30" coveredmethods="9"/>
      <file name="DashboardContext.js" path="C:\Users\becim\git_personal\t3\discord-bot-creator\renderer\components\dashboard\DashboardContext.js">
        <metrics statements="96" coveredstatements="43" conditionals="35" coveredconditionals="14" methods="30" coveredmethods="9"/>
        <line num="9" count="2" type="stmt"/>
        <line num="12" count="49" type="stmt"/>
        <line num="16" count="25" type="stmt"/>
        <line num="17" count="25" type="stmt"/>
        <line num="18" count="25" type="stmt"/>
        <line num="19" count="25" type="stmt"/>
        <line num="21" count="25" type="stmt"/>
        <line num="32" count="25" type="stmt"/>
        <line num="33" count="11" type="stmt"/>
        <line num="34" count="0" type="stmt"/>
        <line num="35" count="0" type="stmt"/>
        <line num="36" count="0" type="stmt"/>
        <line num="38" count="11" type="stmt"/>
        <line num="39" count="11" type="stmt"/>
        <line num="43" count="25" type="stmt"/>
        <line num="44" count="11" type="cond" truecount="2" falsecount="2"/>
        <line num="45" count="0" type="stmt"/>
        <line num="48" count="25" type="stmt"/>
        <line num="50" count="11" type="stmt"/>
        <line num="51" count="0" type="stmt"/>
        <line num="54" count="11" type="stmt"/>
        <line num="55" count="11" type="stmt"/>
        <line num="59" count="25" type="stmt"/>
        <line num="60" count="11" type="cond" truecount="1" falsecount="1"/>
        <line num="61" count="11" type="stmt"/>
        <line num="65" count="25" type="cond" truecount="3" falsecount="1"/>
        <line num="66" count="25" type="cond" truecount="2" falsecount="0"/>
        <line num="67" count="25" type="cond" truecount="2" falsecount="0"/>
        <line num="68" count="25" type="cond" truecount="2" falsecount="0"/>
        <line num="70" count="25" type="cond" truecount="2" falsecount="0"/>
        <line num="75" count="25" type="stmt"/>
        <line num="76" count="0" type="stmt"/>
        <line num="83" count="25" type="stmt"/>
        <line num="86" count="0" type="cond" truecount="0" falsecount="2"/>
        <line num="87" count="0" type="stmt"/>
        <line num="88" count="0" type="cond" truecount="0" falsecount="2"/>
        <line num="90" count="0" type="stmt"/>
        <line num="93" count="0" type="stmt"/>
        <line num="96" count="0" type="stmt"/>
        <line num="103" count="25" type="stmt"/>
        <line num="104" count="3" type="stmt"/>
        <line num="105" count="3" type="stmt"/>
        <line num="112" count="25" type="stmt"/>
        <line num="113" count="0" type="stmt"/>
        <line num="119" count="0" type="stmt"/>
        <line num="121" count="0" type="stmt"/>
        <line num="122" count="0" type="stmt"/>
        <line num="129" count="25" type="stmt"/>
        <line num="130" count="0" type="stmt"/>
        <line num="131" count="0" type="stmt"/>
        <line num="139" count="25" type="stmt"/>
        <line num="142" count="0" type="cond" truecount="0" falsecount="2"/>
        <line num="143" count="0" type="stmt"/>
        <line num="144" count="0" type="cond" truecount="0" falsecount="2"/>
        <line num="146" count="0" type="stmt"/>
        <line num="149" count="0" type="stmt"/>
        <line num="152" count="0" type="stmt"/>
        <line num="160" count="25" type="cond" truecount="0" falsecount="1"/>
        <line num="161" count="0" type="cond" truecount="0" falsecount="2"/>
        <line num="162" count="0" type="stmt"/>
        <line num="163" count="0" type="stmt"/>
        <line num="165" count="0" type="stmt"/>
        <line num="166" count="0" type="stmt"/>
        <line num="170" count="25" type="stmt"/>
        <line num="171" count="0" type="stmt"/>
        <line num="179" count="25" type="stmt"/>
        <line num="180" count="0" type="cond" truecount="0" falsecount="2"/>
        <line num="183" count="0" type="cond" truecount="0" falsecount="2"/>
        <line num="186" count="0" type="stmt"/>
        <line num="188" count="0" type="stmt"/>
        <line num="189" count="0" type="stmt"/>
        <line num="191" count="0" type="stmt"/>
        <line num="193" count="0" type="stmt"/>
        <line num="194" count="0" type="stmt"/>
        <line num="202" count="25" type="stmt"/>
        <line num="203" count="0" type="stmt"/>
        <line num="204" count="0" type="stmt"/>
        <line num="211" count="25" type="stmt"/>
        <line num="212" count="0" type="stmt"/>
        <line num="213" count="0" type="stmt"/>
        <line num="215" count="0" type="stmt"/>
        <line num="218" count="25" type="stmt"/>
        <line num="219" count="0" type="stmt"/>
        <line num="222" count="25" type="stmt"/>
        <line num="223" count="0" type="stmt"/>
        <line num="226" count="25" type="stmt"/>
        <line num="227" count="0" type="stmt"/>
        <line num="228" count="0" type="stmt"/>
        <line num="229" count="0" type="cond" truecount="0" falsecount="2"/>
        <line num="230" count="0" type="stmt"/>
        <line num="232" count="0" type="stmt"/>
        <line num="233" count="0" type="stmt"/>
        <line num="234" count="0" type="stmt"/>
        <line num="238" count="0" type="stmt"/>
        <line num="241" count="25" type="stmt"/>
        <line num="270" count="2" type="stmt"/>
      </file>
    </package>
    <package name="renderer.components.dashboard.command">
      <metrics statements="8" coveredstatements="6" conditionals="0" coveredconditionals="0" methods="4" coveredmethods="2"/>
      <file name="CommandHeader.js" path="C:\Users\becim\git_personal\t3\discord-bot-creator\renderer\components\dashboard\command\CommandHeader.js">
        <metrics statements="8" coveredstatements="6" conditionals="0" coveredconditionals="0" methods="4" coveredmethods="2"/>
        <line num="7" count="23" type="stmt"/>
        <line num="9" count="23" type="stmt"/>
        <line num="10" count="2" type="stmt"/>
        <line num="13" count="23" type="stmt"/>
        <line num="14" count="0" type="stmt"/>
        <line num="17" count="23" type="stmt"/>
        <line num="18" count="0" type="stmt"/>
        <line num="21" count="23" type="stmt"/>
      </file>
    </package>
    <package name="renderer.components.dashboard.handlers">
      <metrics statements="4" coveredstatements="4" conditionals="2" coveredconditionals="1" methods="2" coveredmethods="2"/>
      <file name="HandlerNameInput.js" path="C:\Users\becim\git_personal\t3\discord-bot-creator\renderer\components\dashboard\handlers\HandlerNameInput.js">
        <metrics statements="4" coveredstatements="4" conditionals="2" coveredconditionals="1" methods="2" coveredmethods="2"/>
        <line num="5" count="26" type="stmt"/>
        <line num="7" count="25" type="stmt"/>
        <line num="8" count="1" type="cond" truecount="1" falsecount="1"/>
        <line num="11" count="25" type="stmt"/>
      </file>
    </package>
    <package name="renderer.lib">
      <metrics statements="98" coveredstatements="53" conditionals="75" coveredconditionals="43" methods="29" coveredmethods="16"/>
      <file name="useActions.js" path="C:\Users\becim\git_personal\t3\discord-bot-creator\renderer\lib\useActions.js">
        <metrics statements="21" coveredstatements="16" conditionals="14" coveredconditionals="13" methods="6" coveredmethods="4"/>
        <line num="5" count="2" type="cond" truecount="2" falsecount="0"/>
        <line num="8" count="25" type="stmt"/>
        <line num="9" count="11" type="cond" truecount="3" falsecount="1"/>
        <line num="10" count="0" type="stmt"/>
        <line num="13" count="11" type="stmt"/>
        <line num="16" count="25" type="stmt"/>
        <line num="17" count="11" type="cond" truecount="5" falsecount="0"/>
        <line num="18" count="9" type="stmt"/>
        <line num="19" count="9" type="stmt"/>
        <line num="22" count="2" type="stmt"/>
        <line num="24" count="2" type="stmt"/>
        <line num="25" count="2" type="stmt"/>
        <line num="27" count="2" type="stmt"/>
        <line num="28" count="0" type="stmt"/>
        <line num="29" count="0" type="stmt"/>
        <line num="30" count="0" type="stmt"/>
        <line num="31" count="0" type="stmt"/>
        <line num="34" count="2" type="stmt"/>
        <line num="36" count="2" type="stmt"/>
        <line num="37" count="2" type="stmt"/>
        <line num="41" count="25" type="cond" truecount="2" falsecount="0"/>
      </file>
      <file name="useCommands.js" path="C:\Users\becim\git_personal\t3\discord-bot-creator\renderer\lib\useCommands.js">
        <metrics statements="31" coveredstatements="13" conditionals="24" coveredconditionals="11" methods="9" coveredmethods="4"/>
        <line num="5" count="2" type="cond" truecount="2" falsecount="0"/>
        <line num="9" count="25" type="stmt"/>
        <line num="10" count="11" type="cond" truecount="3" falsecount="1"/>
        <line num="11" count="0" type="stmt"/>
        <line num="14" count="11" type="stmt"/>
        <line num="17" count="25" type="stmt"/>
        <line num="18" count="11" type="cond" truecount="1" falsecount="1"/>
        <line num="19" count="0" type="stmt"/>
        <line num="23" count="25" type="stmt"/>
        <line num="24" count="11" type="cond" truecount="1" falsecount="1"/>
        <line num="25" count="11" type="cond" truecount="3" falsecount="2"/>
        <line num="27" count="11" type="stmt"/>
        <line num="28" count="0" type="cond" truecount="0" falsecount="2"/>
        <line num="29" count="0" type="cond" truecount="0" falsecount="2"/>
        <line num="31" count="0" type="stmt"/>
        <line num="32" count="0" type="stmt"/>
        <line num="35" count="11" type="stmt"/>
        <line num="38" count="25" type="stmt"/>
        <line num="39" count="0" type="stmt"/>
        <line num="40" count="0" type="stmt"/>
        <line num="41" count="0" type="stmt"/>
        <line num="42" count="0" type="stmt"/>
        <line num="43" count="0" type="stmt"/>
        <line num="44" count="0" type="cond" truecount="0" falsecount="2"/>
        <line num="45" count="0" type="stmt"/>
        <line num="46" count="0" type="stmt"/>
        <line num="48" count="0" type="stmt"/>
        <line num="49" count="0" type="cond" truecount="0" falsecount="2"/>
        <line num="50" count="0" type="stmt"/>
        <line num="51" count="0" type="stmt"/>
        <line num="56" count="25" type="stmt"/>
      </file>
      <file name="useEvents.js" path="C:\Users\becim\git_personal\t3\discord-bot-creator\renderer\lib\useEvents.js">
        <metrics statements="31" coveredstatements="13" conditionals="24" coveredconditionals="11" methods="9" coveredmethods="4"/>
        <line num="5" count="2" type="cond" truecount="2" falsecount="0"/>
        <line num="9" count="25" type="stmt"/>
        <line num="10" count="11" type="cond" truecount="3" falsecount="1"/>
        <line num="11" count="0" type="stmt"/>
        <line num="14" count="11" type="stmt"/>
        <line num="17" count="25" type="stmt"/>
        <line num="18" count="11" type="cond" truecount="1" falsecount="1"/>
        <line num="19" count="0" type="stmt"/>
        <line num="23" count="25" type="stmt"/>
        <line num="24" count="11" type="cond" truecount="1" falsecount="1"/>
        <line num="25" count="11" type="cond" truecount="3" falsecount="2"/>
        <line num="27" count="11" type="stmt"/>
        <line num="28" count="0" type="cond" truecount="0" falsecount="2"/>
        <line num="29" count="0" type="cond" truecount="0" falsecount="2"/>
        <line num="31" count="0" type="stmt"/>
        <line num="32" count="0" type="stmt"/>
        <line num="35" count="11" type="stmt"/>
        <line num="39" count="25" type="stmt"/>
        <line num="40" count="0" type="stmt"/>
        <line num="41" count="0" type="stmt"/>
        <line num="42" count="0" type="stmt"/>
        <line num="43" count="0" type="stmt"/>
        <line num="44" count="0" type="stmt"/>
        <line num="45" count="0" type="cond" truecount="0" falsecount="2"/>
        <line num="46" count="0" type="stmt"/>
        <line num="47" count="0" type="stmt"/>
        <line num="49" count="0" type="stmt"/>
        <line num="50" count="0" type="cond" truecount="0" falsecount="2"/>
        <line num="51" count="0" type="stmt"/>
        <line num="52" count="0" type="stmt"/>
        <line num="57" count="25" type="stmt"/>
      </file>
      <file name="useSettings.js" path="C:\Users\becim\git_personal\t3\discord-bot-creator\renderer\lib\useSettings.js">
        <metrics statements="15" coveredstatements="11" conditionals="13" coveredconditionals="8" methods="5" coveredmethods="4"/>
        <line num="4" count="2" type="cond" truecount="2" falsecount="0"/>
        <line num="6" count="25" type="stmt"/>
        <line num="7" count="11" type="cond" truecount="3" falsecount="1"/>
        <line num="8" count="0" type="stmt"/>
        <line num="11" count="11" type="stmt"/>
        <line num="14" count="25" type="stmt"/>
        <line num="15" count="11" type="cond" truecount="2" falsecount="2"/>
        <line num="16" count="11" type="stmt"/>
        <line num="17" count="0" type="cond" truecount="0" falsecount="2"/>
        <line num="18" count="0" type="stmt"/>
        <line num="19" count="0" type="stmt"/>
        <line num="21" count="11" type="stmt"/>
        <line num="23" count="11" type="stmt"/>
        <line num="24" count="11" type="stmt"/>
        <line num="28" count="25" type="stmt"/>
      </file>
    </package>
    <package name="renderer.pages">
      <metrics statements="26" coveredstatements="10" conditionals="12" coveredconditionals="4" methods="9" coveredmethods="1"/>
      <file name="home.js" path="C:\Users\becim\git_personal\t3\discord-bot-creator\renderer\pages\home.js">
        <metrics statements="26" coveredstatements="10" conditionals="12" coveredconditionals="4" methods="9" coveredmethods="1"/>
        <line num="16" count="1" type="cond" truecount="2" falsecount="0"/>
        <line num="18" count="1" type="stmt"/>
        <line num="19" count="0" type="cond" truecount="0" falsecount="2"/>
        <line num="20" count="0" type="stmt"/>
        <line num="24" count="3" type="stmt"/>
        <line num="25" count="3" type="stmt"/>
        <line num="26" count="3" type="stmt"/>
        <line num="27" count="3" type="stmt"/>
        <line num="30" count="3" type="stmt"/>
        <line num="31" count="0" type="stmt"/>
        <line num="32" count="0" type="stmt"/>
        <line num="33" count="0" type="stmt"/>
        <line num="34" count="0" type="stmt"/>
        <line num="35" count="0" type="stmt"/>
        <line num="36" count="0" type="stmt"/>
        <line num="37" count="0" type="stmt"/>
        <line num="38" count="0" type="stmt"/>
        <line num="39" count="0" type="stmt"/>
        <line num="44" count="0" type="stmt"/>
        <line num="64" count="3" type="stmt"/>
        <line num="65" count="0" type="stmt"/>
        <line num="68" count="3" type="stmt"/>
        <line num="69" count="0" type="cond" truecount="0" falsecount="2"/>
        <line num="70" count="0" type="stmt"/>
        <line num="73" count="3" type="stmt"/>
        <line num="88" count="0" type="stmt"/>
      </file>
    </package>
    <package name="test_setup">
      <metrics statements="9" coveredstatements="6" conditionals="0" coveredconditionals="0" methods="4" coveredmethods="1"/>
      <file name="custom-queries.js" path="C:\Users\becim\git_personal\t3\discord-bot-creator\test_setup\custom-queries.js">
        <metrics statements="7" coveredstatements="4" conditionals="0" coveredconditionals="0" methods="3" coveredmethods="0"/>
        <line num="6" count="3" type="stmt"/>
        <line num="7" count="0" type="stmt"/>
        <line num="9" count="3" type="stmt"/>
        <line num="10" count="0" type="stmt"/>
        <line num="11" count="3" type="stmt"/>
        <line num="12" count="0" type="stmt"/>
        <line num="20" count="3" type="stmt"/>
      </file>
      <file name="test-utils.js" path="C:\Users\becim\git_personal\t3\discord-bot-creator\test_setup\test-utils.js">
        <metrics statements="2" coveredstatements="2" conditionals="0" coveredconditionals="0" methods="1" coveredmethods="1"/>
        <line num="5" count="3" type="stmt"/>
        <line num="6" count="13" type="stmt"/>
      </file>
    </package>
  </project>
</coverage>
