{"C:\\Users\\becim\\git_personal\\t3\\discord-bot-creator\\renderer\\components\\dashboard\\DashboardContext.js": {"path":"C:\\Users\\becim\\git_personal\\t3\\discord-bot-creator\\renderer\\components\\dashboard\\DashboardContext.js","statementMap":{"0":{"start":{"line":9,"column":25},"end":{"line":9,"column":44}},"1":{"start":{"line":12,"column":2},"end":{"line":12,"column":38}},"2":{"start":{"line":16,"column":26},"end":{"line":16,"column":38}},"3":{"start":{"line":17,"column":28},"end":{"line":17,"column":39}},"4":{"start":{"line":18,"column":32},"end":{"line":18,"column":45}},"5":{"start":{"line":19,"column":21},"end":{"line":19,"column":34}},"6":{"start":{"line":21,"column":28},"end":{"line":30,"column":4}},"7":{"start":{"line":32,"column":2},"end":{"line":41,"column":37}},"8":{"start":{"line":33,"column":4},"end":{"line":37,"column":7}},"9":{"start":{"line":34,"column":6},"end":{"line":34,"column":26}},"10":{"start":{"line":35,"column":6},"end":{"line":35,"column":46}},"11":{"start":{"line":36,"column":6},"end":{"line":36,"column":76}},"12":{"start":{"line":36,"column":27},"end":{"line":36,"column":73}},"13":{"start":{"line":38,"column":4},"end":{"line":40,"column":6}},"14":{"start":{"line":39,"column":6},"end":{"line":39,"column":55}},"15":{"start":{"line":43,"column":2},"end":{"line":46,"column":57}},"16":{"start":{"line":44,"column":4},"end":{"line":44,"column":37}},"17":{"start":{"line":44,"column":30},"end":{"line":44,"column":37}},"18":{"start":{"line":45,"column":4},"end":{"line":45,"column":45}},"19":{"start":{"line":48,"column":2},"end":{"line":57,"column":69}},"20":{"start":{"line":50,"column":4},"end":{"line":52,"column":7}},"21":{"start":{"line":51,"column":6},"end":{"line":51,"column":13}},"22":{"start":{"line":54,"column":4},"end":{"line":56,"column":6}},"23":{"start":{"line":55,"column":6},"end":{"line":55,"column":46}},"24":{"start":{"line":59,"column":2},"end":{"line":62,"column":38}},"25":{"start":{"line":60,"column":4},"end":{"line":60,"column":31}},"26":{"start":{"line":60,"column":24},"end":{"line":60,"column":31}},"27":{"start":{"line":61,"column":4},"end":{"line":61,"column":42}},"28":{"start":{"line":65,"column":4},"end":{"line":65,"column":66}},"29":{"start":{"line":66,"column":18},"end":{"line":66,"column":52}},"30":{"start":{"line":67,"column":18},"end":{"line":67,"column":39}},"31":{"start":{"line":68,"column":17},"end":{"line":68,"column":49}},"32":{"start":{"line":70,"column":4},"end":{"line":70,"column":65}},"33":{"start":{"line":70,"column":38},"end":{"line":70,"column":58}},"34":{"start":{"line":75,"column":21},"end":{"line":77,"column":3}},"35":{"start":{"line":76,"column":4},"end":{"line":76,"column":66}},"36":{"start":{"line":83,"column":29},"end":{"line":97,"column":3}},"37":{"start":{"line":86,"column":4},"end":{"line":94,"column":5}},"38":{"start":{"line":87,"column":6},"end":{"line":87,"column":23}},"39":{"start":{"line":88,"column":11},"end":{"line":94,"column":5}},"40":{"start":{"line":90,"column":6},"end":{"line":90,"column":19}},"41":{"start":{"line":93,"column":6},"end":{"line":93,"column":37}},"42":{"start":{"line":96,"column":4},"end":{"line":96,"column":51}},"43":{"start":{"line":103,"column":24},"end":{"line":106,"column":3}},"44":{"start":{"line":104,"column":4},"end":{"line":104,"column":39}},"45":{"start":{"line":105,"column":4},"end":{"line":105,"column":27}},"46":{"start":{"line":112,"column":21},"end":{"line":123,"column":3}},"47":{"start":{"line":113,"column":21},"end":{"line":118,"column":5}},"48":{"start":{"line":119,"column":4},"end":{"line":119,"column":53}},"49":{"start":{"line":121,"column":4},"end":{"line":121,"column":30}},"50":{"start":{"line":122,"column":4},"end":{"line":122,"column":27}},"51":{"start":{"line":129,"column":24},"end":{"line":132,"column":3}},"52":{"start":{"line":130,"column":4},"end":{"line":130,"column":30}},"53":{"start":{"line":131,"column":4},"end":{"line":131,"column":27}},"54":{"start":{"line":139,"column":28},"end":{"line":153,"column":3}},"55":{"start":{"line":142,"column":4},"end":{"line":150,"column":5}},"56":{"start":{"line":143,"column":6},"end":{"line":143,"column":23}},"57":{"start":{"line":144,"column":11},"end":{"line":150,"column":5}},"58":{"start":{"line":146,"column":6},"end":{"line":146,"column":19}},"59":{"start":{"line":149,"column":6},"end":{"line":149,"column":36}},"60":{"start":{"line":152,"column":4},"end":{"line":152,"column":71}},"61":{"start":{"line":152,"column":29},"end":{"line":152,"column":68}},"62":{"start":{"line":160,"column":23},"end":{"line":168,"column":3}},"63":{"start":{"line":161,"column":4},"end":{"line":167,"column":5}},"64":{"start":{"line":162,"column":6},"end":{"line":162,"column":39}},"65":{"start":{"line":163,"column":6},"end":{"line":163,"column":29}},"66":{"start":{"line":165,"column":6},"end":{"line":165,"column":45}},"67":{"start":{"line":166,"column":6},"end":{"line":166,"column":29}},"68":{"start":{"line":170,"column":22},"end":{"line":172,"column":3}},"69":{"start":{"line":171,"column":4},"end":{"line":171,"column":48}},"70":{"start":{"line":179,"column":20},"end":{"line":195,"column":3}},"71":{"start":{"line":180,"column":4},"end":{"line":180,"column":26}},"72":{"start":{"line":183,"column":6},"end":{"line":184,"column":22}},"73":{"start":{"line":183,"column":39},"end":{"line":183,"column":59}},"74":{"start":{"line":186,"column":4},"end":{"line":186,"column":36}},"75":{"start":{"line":188,"column":4},"end":{"line":190,"column":5}},"76":{"start":{"line":189,"column":6},"end":{"line":189,"column":23}},"77":{"start":{"line":191,"column":4},"end":{"line":191,"column":24}},"78":{"start":{"line":193,"column":4},"end":{"line":193,"column":25}},"79":{"start":{"line":194,"column":4},"end":{"line":194,"column":27}},"80":{"start":{"line":202,"column":23},"end":{"line":205,"column":3}},"81":{"start":{"line":203,"column":4},"end":{"line":203,"column":29}},"82":{"start":{"line":204,"column":4},"end":{"line":204,"column":27}},"83":{"start":{"line":211,"column":24},"end":{"line":216,"column":3}},"84":{"start":{"line":212,"column":22},"end":{"line":212,"column":45}},"85":{"start":{"line":213,"column":4},"end":{"line":213,"column":35}},"86":{"start":{"line":215,"column":4},"end":{"line":215,"column":27}},"87":{"start":{"line":218,"column":26},"end":{"line":220,"column":3}},"88":{"start":{"line":219,"column":4},"end":{"line":219,"column":54}},"89":{"start":{"line":222,"column":26},"end":{"line":224,"column":3}},"90":{"start":{"line":223,"column":4},"end":{"line":223,"column":74}},"91":{"start":{"line":223,"column":29},"end":{"line":223,"column":71}},"92":{"start":{"line":226,"column":15},"end":{"line":239,"column":3}},"93":{"start":{"line":227,"column":4},"end":{"line":227,"column":32}},"94":{"start":{"line":228,"column":4},"end":{"line":228,"column":28}},"95":{"start":{"line":229,"column":4},"end":{"line":236,"column":5}},"96":{"start":{"line":230,"column":6},"end":{"line":230,"column":32}},"97":{"start":{"line":232,"column":6},"end":{"line":232,"column":35}},"98":{"start":{"line":233,"column":6},"end":{"line":235,"column":9}},"99":{"start":{"line":234,"column":8},"end":{"line":234,"column":34}},"100":{"start":{"line":238,"column":4},"end":{"line":238,"column":39}},"101":{"start":{"line":241,"column":2},"end":{"line":267,"column":4}},"102":{"start":{"line":270,"column":0},"end":{"line":272,"column":2}}},"fnMap":{"0":{"name":"useDashboardContext","decl":{"start":{"line":11,"column":16},"end":{"line":11,"column":35}},"loc":{"start":{"line":11,"column":38},"end":{"line":13,"column":1}},"line":11},"1":{"name":"DashboardProvider","decl":{"start":{"line":15,"column":16},"end":{"line":15,"column":33}},"loc":{"start":{"line":15,"column":48},"end":{"line":268,"column":1}},"line":15},"2":{"name":"(anonymous_2)","decl":{"start":{"line":32,"column":12},"end":{"line":32,"column":13}},"loc":{"start":{"line":32,"column":18},"end":{"line":41,"column":3}},"line":32},"3":{"name":"(anonymous_3)","decl":{"start":{"line":33,"column":38},"end":{"line":33,"column":39}},"loc":{"start":{"line":33,"column":57},"end":{"line":37,"column":5}},"line":33},"4":{"name":"(anonymous_4)","decl":{"start":{"line":36,"column":15},"end":{"line":36,"column":16}},"loc":{"start":{"line":36,"column":27},"end":{"line":36,"column":73}},"line":36},"5":{"name":"(anonymous_5)","decl":{"start":{"line":38,"column":11},"end":{"line":38,"column":12}},"loc":{"start":{"line":38,"column":17},"end":{"line":40,"column":5}},"line":38},"6":{"name":"(anonymous_6)","decl":{"start":{"line":43,"column":12},"end":{"line":43,"column":13}},"loc":{"start":{"line":43,"column":18},"end":{"line":46,"column":3}},"line":43},"7":{"name":"(anonymous_7)","decl":{"start":{"line":48,"column":12},"end":{"line":48,"column":13}},"loc":{"start":{"line":48,"column":18},"end":{"line":57,"column":3}},"line":48},"8":{"name":"(anonymous_8)","decl":{"start":{"line":50,"column":28},"end":{"line":50,"column":29}},"loc":{"start":{"line":50,"column":34},"end":{"line":52,"column":5}},"line":50},"9":{"name":"(anonymous_9)","decl":{"start":{"line":54,"column":11},"end":{"line":54,"column":12}},"loc":{"start":{"line":54,"column":17},"end":{"line":56,"column":5}},"line":54},"10":{"name":"(anonymous_10)","decl":{"start":{"line":59,"column":12},"end":{"line":59,"column":13}},"loc":{"start":{"line":59,"column":18},"end":{"line":62,"column":3}},"line":59},"11":{"name":"(anonymous_11)","decl":{"start":{"line":70,"column":24},"end":{"line":70,"column":25}},"loc":{"start":{"line":70,"column":38},"end":{"line":70,"column":58}},"line":70},"12":{"name":"(anonymous_12)","decl":{"start":{"line":75,"column":21},"end":{"line":75,"column":22}},"loc":{"start":{"line":75,"column":31},"end":{"line":77,"column":3}},"line":75},"13":{"name":"(anonymous_13)","decl":{"start":{"line":83,"column":29},"end":{"line":83,"column":30}},"loc":{"start":{"line":83,"column":40},"end":{"line":97,"column":3}},"line":83},"14":{"name":"(anonymous_14)","decl":{"start":{"line":103,"column":24},"end":{"line":103,"column":25}},"loc":{"start":{"line":103,"column":40},"end":{"line":106,"column":3}},"line":103},"15":{"name":"(anonymous_15)","decl":{"start":{"line":112,"column":21},"end":{"line":112,"column":22}},"loc":{"start":{"line":112,"column":37},"end":{"line":123,"column":3}},"line":112},"16":{"name":"(anonymous_16)","decl":{"start":{"line":129,"column":24},"end":{"line":129,"column":25}},"loc":{"start":{"line":129,"column":35},"end":{"line":132,"column":3}},"line":129},"17":{"name":"(anonymous_17)","decl":{"start":{"line":139,"column":28},"end":{"line":139,"column":29}},"loc":{"start":{"line":139,"column":39},"end":{"line":153,"column":3}},"line":139},"18":{"name":"(anonymous_18)","decl":{"start":{"line":152,"column":13},"end":{"line":152,"column":14}},"loc":{"start":{"line":152,"column":29},"end":{"line":152,"column":68}},"line":152},"19":{"name":"(anonymous_19)","decl":{"start":{"line":160,"column":23},"end":{"line":160,"column":24}},"loc":{"start":{"line":160,"column":52},"end":{"line":168,"column":3}},"line":160},"20":{"name":"(anonymous_20)","decl":{"start":{"line":170,"column":22},"end":{"line":170,"column":23}},"loc":{"start":{"line":170,"column":40},"end":{"line":172,"column":3}},"line":170},"21":{"name":"(anonymous_21)","decl":{"start":{"line":179,"column":20},"end":{"line":179,"column":21}},"loc":{"start":{"line":179,"column":32},"end":{"line":195,"column":3}},"line":179},"22":{"name":"(anonymous_22)","decl":{"start":{"line":183,"column":25},"end":{"line":183,"column":26}},"loc":{"start":{"line":183,"column":39},"end":{"line":183,"column":59}},"line":183},"23":{"name":"(anonymous_23)","decl":{"start":{"line":202,"column":23},"end":{"line":202,"column":24}},"loc":{"start":{"line":202,"column":34},"end":{"line":205,"column":3}},"line":202},"24":{"name":"(anonymous_24)","decl":{"start":{"line":211,"column":24},"end":{"line":211,"column":25}},"loc":{"start":{"line":211,"column":38},"end":{"line":216,"column":3}},"line":211},"25":{"name":"(anonymous_25)","decl":{"start":{"line":218,"column":26},"end":{"line":218,"column":27}},"loc":{"start":{"line":218,"column":32},"end":{"line":220,"column":3}},"line":218},"26":{"name":"(anonymous_26)","decl":{"start":{"line":222,"column":26},"end":{"line":222,"column":27}},"loc":{"start":{"line":222,"column":32},"end":{"line":224,"column":3}},"line":222},"27":{"name":"(anonymous_27)","decl":{"start":{"line":223,"column":13},"end":{"line":223,"column":14}},"loc":{"start":{"line":223,"column":29},"end":{"line":223,"column":71}},"line":223},"28":{"name":"(anonymous_28)","decl":{"start":{"line":226,"column":15},"end":{"line":226,"column":16}},"loc":{"start":{"line":226,"column":21},"end":{"line":239,"column":3}},"line":226},"29":{"name":"(anonymous_29)","decl":{"start":{"line":233,"column":35},"end":{"line":233,"column":36}},"loc":{"start":{"line":233,"column":41},"end":{"line":235,"column":7}},"line":233}},"branchMap":{"0":{"loc":{"start":{"line":44,"column":4},"end":{"line":44,"column":37}},"type":"if","locations":[{"start":{"line":44,"column":4},"end":{"line":44,"column":37}},{"start":{},"end":{}}],"line":44},"1":{"loc":{"start":{"line":44,"column":8},"end":{"line":44,"column":28}},"type":"binary-expr","locations":[{"start":{"line":44,"column":8},"end":{"line":44,"column":17}},{"start":{"line":44,"column":21},"end":{"line":44,"column":28}}],"line":44},"2":{"loc":{"start":{"line":60,"column":4},"end":{"line":60,"column":31}},"type":"if","locations":[{"start":{"line":60,"column":4},"end":{"line":60,"column":31}},{"start":{},"end":{}}],"line":60},"3":{"loc":{"start":{"line":65,"column":4},"end":{"line":65,"column":66}},"type":"binary-expr","locations":[{"start":{"line":65,"column":5},"end":{"line":65,"column":59}},{"start":{"line":65,"column":64},"end":{"line":65,"column":66}}],"line":65},"4":{"loc":{"start":{"line":65,"column":5},"end":{"line":65,"column":59}},"type":"cond-expr","locations":[{"start":{"line":65,"column":30},"end":{"line":65,"column":42}},{"start":{"line":65,"column":45},"end":{"line":65,"column":59}}],"line":65},"5":{"loc":{"start":{"line":66,"column":18},"end":{"line":66,"column":52}},"type":"binary-expr","locations":[{"start":{"line":66,"column":18},"end":{"line":66,"column":46}},{"start":{"line":66,"column":50},"end":{"line":66,"column":52}}],"line":66},"6":{"loc":{"start":{"line":67,"column":18},"end":{"line":67,"column":39}},"type":"binary-expr","locations":[{"start":{"line":67,"column":18},"end":{"line":67,"column":33}},{"start":{"line":67,"column":37},"end":{"line":67,"column":39}}],"line":67},"7":{"loc":{"start":{"line":68,"column":17},"end":{"line":68,"column":49}},"type":"binary-expr","locations":[{"start":{"line":68,"column":17},"end":{"line":68,"column":43}},{"start":{"line":68,"column":47},"end":{"line":68,"column":49}}],"line":68},"8":{"loc":{"start":{"line":70,"column":4},"end":{"line":70,"column":65}},"type":"binary-expr","locations":[{"start":{"line":70,"column":4},"end":{"line":70,"column":59}},{"start":{"line":70,"column":63},"end":{"line":70,"column":65}}],"line":70},"9":{"loc":{"start":{"line":86,"column":4},"end":{"line":94,"column":5}},"type":"if","locations":[{"start":{"line":86,"column":4},"end":{"line":94,"column":5}},{"start":{"line":88,"column":11},"end":{"line":94,"column":5}}],"line":86},"10":{"loc":{"start":{"line":88,"column":11},"end":{"line":94,"column":5}},"type":"if","locations":[{"start":{"line":88,"column":11},"end":{"line":94,"column":5}},{"start":{"line":91,"column":11},"end":{"line":94,"column":5}}],"line":88},"11":{"loc":{"start":{"line":142,"column":4},"end":{"line":150,"column":5}},"type":"if","locations":[{"start":{"line":142,"column":4},"end":{"line":150,"column":5}},{"start":{"line":144,"column":11},"end":{"line":150,"column":5}}],"line":142},"12":{"loc":{"start":{"line":144,"column":11},"end":{"line":150,"column":5}},"type":"if","locations":[{"start":{"line":144,"column":11},"end":{"line":150,"column":5}},{"start":{"line":147,"column":11},"end":{"line":150,"column":5}}],"line":144},"13":{"loc":{"start":{"line":160,"column":35},"end":{"line":160,"column":47}},"type":"default-arg","locations":[{"start":{"line":160,"column":43},"end":{"line":160,"column":47}}],"line":160},"14":{"loc":{"start":{"line":161,"column":4},"end":{"line":167,"column":5}},"type":"if","locations":[{"start":{"line":161,"column":4},"end":{"line":167,"column":5}},{"start":{"line":164,"column":11},"end":{"line":167,"column":5}}],"line":161},"15":{"loc":{"start":{"line":180,"column":13},"end":{"line":180,"column":25}},"type":"binary-expr","locations":[{"start":{"line":180,"column":13},"end":{"line":180,"column":19}},{"start":{"line":180,"column":23},"end":{"line":180,"column":25}}],"line":180},"16":{"loc":{"start":{"line":183,"column":6},"end":{"line":184,"column":22}},"type":"binary-expr","locations":[{"start":{"line":183,"column":6},"end":{"line":183,"column":60}},{"start":{"line":184,"column":6},"end":{"line":184,"column":22}}],"line":183},"17":{"loc":{"start":{"line":229,"column":4},"end":{"line":236,"column":5}},"type":"if","locations":[{"start":{"line":229,"column":4},"end":{"line":236,"column":5}},{"start":{"line":231,"column":11},"end":{"line":236,"column":5}}],"line":229}},"s":{"0":2,"1":49,"2":25,"3":25,"4":25,"5":25,"6":25,"7":25,"8":11,"9":0,"10":0,"11":0,"12":0,"13":11,"14":11,"15":25,"16":11,"17":11,"18":0,"19":25,"20":11,"21":0,"22":11,"23":11,"24":25,"25":11,"26":0,"27":11,"28":25,"29":25,"30":25,"31":25,"32":25,"33":0,"34":25,"35":0,"36":25,"37":0,"38":0,"39":0,"40":0,"41":0,"42":0,"43":25,"44":3,"45":3,"46":25,"47":0,"48":0,"49":0,"50":0,"51":25,"52":0,"53":0,"54":25,"55":0,"56":0,"57":0,"58":0,"59":0,"60":0,"61":0,"62":25,"63":0,"64":0,"65":0,"66":0,"67":0,"68":25,"69":0,"70":25,"71":0,"72":0,"73":0,"74":0,"75":0,"76":0,"77":0,"78":0,"79":0,"80":25,"81":0,"82":0,"83":25,"84":0,"85":0,"86":0,"87":25,"88":0,"89":25,"90":0,"91":0,"92":25,"93":0,"94":0,"95":0,"96":0,"97":0,"98":0,"99":0,"100":0,"101":25,"102":2},"f":{"0":49,"1":25,"2":11,"3":0,"4":0,"5":11,"6":11,"7":11,"8":0,"9":11,"10":11,"11":0,"12":0,"13":0,"14":3,"15":0,"16":0,"17":0,"18":0,"19":0,"20":0,"21":0,"22":0,"23":0,"24":0,"25":0,"26":0,"27":0,"28":0,"29":0},"b":{"0":[11,0],"1":[11,0],"2":[0,11],"3":[25,25],"4":[0,25],"5":[25,25],"6":[25,25],"7":[25,25],"8":[25,25],"9":[0,0],"10":[0,0],"11":[0,0],"12":[0,0],"13":[0],"14":[0,0],"15":[0,0],"16":[0,0],"17":[0,0]},"_coverageSchema":"1a1c01bbd47fc00a2c39e90264f33305004495a9","hash":"90cefb0657f43b247f5ca76af680716fd783fb8a"}
,"C:\\Users\\becim\\git_personal\\t3\\discord-bot-creator\\renderer\\components\\dashboard\\command\\CommandHeader.js": {"path":"C:\\Users\\becim\\git_personal\\t3\\discord-bot-creator\\renderer\\components\\dashboard\\command\\CommandHeader.js","statementMap":{"0":{"start":{"line":7,"column":46},"end":{"line":7,"column":67}},"1":{"start":{"line":9,"column":26},"end":{"line":11,"column":3}},"2":{"start":{"line":10,"column":4},"end":{"line":10,"column":47}},"3":{"start":{"line":13,"column":30},"end":{"line":15,"column":3}},"4":{"start":{"line":14,"column":4},"end":{"line":14,"column":51}},"5":{"start":{"line":17,"column":30},"end":{"line":19,"column":3}},"6":{"start":{"line":18,"column":4},"end":{"line":18,"column":51}},"7":{"start":{"line":21,"column":2},"end":{"line":97,"column":4}}},"fnMap":{"0":{"name":"DashboardWindowHeader","decl":{"start":{"line":6,"column":24},"end":{"line":6,"column":45}},"loc":{"start":{"line":6,"column":48},"end":{"line":98,"column":1}},"line":6},"1":{"name":"(anonymous_1)","decl":{"start":{"line":9,"column":26},"end":{"line":9,"column":27}},"loc":{"start":{"line":9,"column":33},"end":{"line":11,"column":3}},"line":9},"2":{"name":"(anonymous_2)","decl":{"start":{"line":13,"column":30},"end":{"line":13,"column":31}},"loc":{"start":{"line":13,"column":37},"end":{"line":15,"column":3}},"line":13},"3":{"name":"(anonymous_3)","decl":{"start":{"line":17,"column":30},"end":{"line":17,"column":31}},"loc":{"start":{"line":17,"column":37},"end":{"line":19,"column":3}},"line":17}},"branchMap":{},"s":{"0":23,"1":23,"2":2,"3":23,"4":0,"5":23,"6":0,"7":23},"f":{"0":23,"1":2,"2":0,"3":0},"b":{},"_coverageSchema":"1a1c01bbd47fc00a2c39e90264f33305004495a9","hash":"e1c624ba8fe9434a4a43223e6d3f75add00a4381"}
,"C:\\Users\\becim\\git_personal\\t3\\discord-bot-creator\\renderer\\components\\dashboard\\handlers\\HandlerNameInput.js": {"path":"C:\\Users\\becim\\git_personal\\t3\\discord-bot-creator\\renderer\\components\\dashboard\\handlers\\HandlerNameInput.js","statementMap":{"0":{"start":{"line":5,"column":37},"end":{"line":5,"column":58}},"1":{"start":{"line":7,"column":17},"end":{"line":9,"column":3}},"2":{"start":{"line":8,"column":4},"end":{"line":8,"column":62}},"3":{"start":{"line":11,"column":2},"end":{"line":21,"column":4}}},"fnMap":{"0":{"name":"HandlerNameInput","decl":{"start":{"line":4,"column":24},"end":{"line":4,"column":40}},"loc":{"start":{"line":4,"column":48},"end":{"line":22,"column":1}},"line":4},"1":{"name":"(anonymous_1)","decl":{"start":{"line":7,"column":17},"end":{"line":7,"column":18}},"loc":{"start":{"line":7,"column":28},"end":{"line":9,"column":3}},"line":7}},"branchMap":{"0":{"loc":{"start":{"line":8,"column":26},"end":{"line":8,"column":58}},"type":"binary-expr","locations":[{"start":{"line":8,"column":26},"end":{"line":8,"column":44}},{"start":{"line":8,"column":48},"end":{"line":8,"column":58}}],"line":8}},"s":{"0":26,"1":25,"2":1,"3":25},"f":{"0":26,"1":1},"b":{"0":[1,0]},"_coverageSchema":"1a1c01bbd47fc00a2c39e90264f33305004495a9","hash":"4eb977275a9d0ce717f64435b119ab3d884c447d"}
,"C:\\Users\\becim\\git_personal\\t3\\discord-bot-creator\\renderer\\lib\\useActions.js": {"path":"C:\\Users\\becim\\git_personal\\t3\\discord-bot-creator\\renderer\\lib\\useActions.js","statementMap":{"0":{"start":{"line":5,"column":20},"end":{"line":5,"column":48}},"1":{"start":{"line":8,"column":32},"end":{"line":14,"column":4}},"2":{"start":{"line":9,"column":4},"end":{"line":11,"column":5}},"3":{"start":{"line":10,"column":6},"end":{"line":10,"column":30}},"4":{"start":{"line":13,"column":4},"end":{"line":13,"column":16}},"5":{"start":{"line":16,"column":2},"end":{"line":39,"column":31}},"6":{"start":{"line":17,"column":4},"end":{"line":20,"column":5}},"7":{"start":{"line":18,"column":6},"end":{"line":18,"column":51}},"8":{"start":{"line":19,"column":6},"end":{"line":19,"column":13}},"9":{"start":{"line":22,"column":4},"end":{"line":22,"column":27}},"10":{"start":{"line":24,"column":4},"end":{"line":24,"column":45}},"11":{"start":{"line":25,"column":4},"end":{"line":25,"column":45}},"12":{"start":{"line":27,"column":4},"end":{"line":32,"column":7}},"13":{"start":{"line":28,"column":6},"end":{"line":28,"column":39}},"14":{"start":{"line":29,"column":6},"end":{"line":29,"column":32}},"15":{"start":{"line":30,"column":6},"end":{"line":30,"column":30}},"16":{"start":{"line":31,"column":6},"end":{"line":31,"column":26}},"17":{"start":{"line":34,"column":4},"end":{"line":34,"column":36}},"18":{"start":{"line":36,"column":4},"end":{"line":38,"column":6}},"19":{"start":{"line":37,"column":6},"end":{"line":37,"column":52}},"20":{"start":{"line":41,"column":2},"end":{"line":41,"column":55}},"21":{"start":{"line":41,"column":33},"end":{"line":41,"column":34}}},"fnMap":{"0":{"name":"useActions","decl":{"start":{"line":7,"column":24},"end":{"line":7,"column":34}},"loc":{"start":{"line":7,"column":51},"end":{"line":42,"column":1}},"line":7},"1":{"name":"(anonymous_1)","decl":{"start":{"line":8,"column":41},"end":{"line":8,"column":42}},"loc":{"start":{"line":8,"column":47},"end":{"line":14,"column":3}},"line":8},"2":{"name":"(anonymous_2)","decl":{"start":{"line":16,"column":12},"end":{"line":16,"column":13}},"loc":{"start":{"line":16,"column":18},"end":{"line":39,"column":3}},"line":16},"3":{"name":"(anonymous_3)","decl":{"start":{"line":27,"column":34},"end":{"line":27,"column":35}},"loc":{"start":{"line":27,"column":55},"end":{"line":32,"column":5}},"line":27},"4":{"name":"(anonymous_4)","decl":{"start":{"line":36,"column":11},"end":{"line":36,"column":12}},"loc":{"start":{"line":36,"column":17},"end":{"line":38,"column":5}},"line":36},"5":{"name":"(anonymous_5)","decl":{"start":{"line":41,"column":26},"end":{"line":41,"column":27}},"loc":{"start":{"line":41,"column":33},"end":{"line":41,"column":34}},"line":41}},"branchMap":{"0":{"loc":{"start":{"line":5,"column":20},"end":{"line":5,"column":48}},"type":"binary-expr","locations":[{"start":{"line":5,"column":20},"end":{"line":5,"column":40}},{"start":{"line":5,"column":44},"end":{"line":5,"column":48}}],"line":5},"1":{"loc":{"start":{"line":7,"column":35},"end":{"line":7,"column":49}},"type":"default-arg","locations":[{"start":{"line":7,"column":47},"end":{"line":7,"column":49}}],"line":7},"2":{"loc":{"start":{"line":9,"column":4},"end":{"line":11,"column":5}},"type":"if","locations":[{"start":{"line":9,"column":4},"end":{"line":11,"column":5}},{"start":{},"end":{}}],"line":9},"3":{"loc":{"start":{"line":9,"column":8},"end":{"line":9,"column":57}},"type":"binary-expr","locations":[{"start":{"line":9,"column":8},"end":{"line":9,"column":37}},{"start":{"line":9,"column":41},"end":{"line":9,"column":57}}],"line":9},"4":{"loc":{"start":{"line":17,"column":4},"end":{"line":20,"column":5}},"type":"if","locations":[{"start":{"line":17,"column":4},"end":{"line":20,"column":5}},{"start":{},"end":{}}],"line":17},"5":{"loc":{"start":{"line":17,"column":8},"end":{"line":17,"column":54}},"type":"binary-expr","locations":[{"start":{"line":17,"column":9},"end":{"line":17,"column":24}},{"start":{"line":17,"column":28},"end":{"line":17,"column":43}},{"start":{"line":17,"column":48},"end":{"line":17,"column":54}}],"line":17},"6":{"loc":{"start":{"line":41,"column":10},"end":{"line":41,"column":41}},"type":"binary-expr","locations":[{"start":{"line":41,"column":10},"end":{"line":41,"column":35}},{"start":{"line":41,"column":39},"end":{"line":41,"column":41}}],"line":41}},"s":{"0":2,"1":25,"2":11,"3":0,"4":11,"5":25,"6":11,"7":9,"8":9,"9":2,"10":2,"11":2,"12":2,"13":0,"14":0,"15":0,"16":0,"17":2,"18":2,"19":2,"20":25,"21":0},"f":{"0":25,"1":11,"2":11,"3":0,"4":2,"5":0},"b":{"0":[2,2],"1":[25],"2":[0,11],"3":[11,11],"4":[9,2],"5":[11,2,9],"6":[25,25]},"_coverageSchema":"1a1c01bbd47fc00a2c39e90264f33305004495a9","hash":"cb6f2ab3fe6bc97aa1388ca554a4094af0753c51"}
,"C:\\Users\\becim\\git_personal\\t3\\discord-bot-creator\\renderer\\lib\\useCommands.js": {"path":"C:\\Users\\becim\\git_personal\\t3\\discord-bot-creator\\renderer\\lib\\useCommands.js","statementMap":{"0":{"start":{"line":5,"column":20},"end":{"line":5,"column":48}},"1":{"start":{"line":9,"column":35},"end":{"line":15,"column":4}},"2":{"start":{"line":10,"column":4},"end":{"line":12,"column":5}},"3":{"start":{"line":11,"column":6},"end":{"line":11,"column":31}},"4":{"start":{"line":14,"column":4},"end":{"line":14,"column":16}},"5":{"start":{"line":17,"column":2},"end":{"line":21,"column":17}},"6":{"start":{"line":18,"column":4},"end":{"line":20,"column":5}},"7":{"start":{"line":19,"column":6},"end":{"line":19,"column":34}},"8":{"start":{"line":23,"column":2},"end":{"line":36,"column":22}},"9":{"start":{"line":24,"column":4},"end":{"line":24,"column":46}},"10":{"start":{"line":24,"column":39},"end":{"line":24,"column":46}},"11":{"start":{"line":25,"column":4},"end":{"line":25,"column":65}},"12":{"start":{"line":25,"column":58},"end":{"line":25,"column":65}},"13":{"start":{"line":27,"column":4},"end":{"line":33,"column":7}},"14":{"start":{"line":28,"column":6},"end":{"line":30,"column":7}},"15":{"start":{"line":29,"column":8},"end":{"line":29,"column":48}},"16":{"start":{"line":31,"column":6},"end":{"line":31,"column":34}},"17":{"start":{"line":32,"column":6},"end":{"line":32,"column":29}},"18":{"start":{"line":35,"column":4},"end":{"line":35,"column":37}},"19":{"start":{"line":38,"column":22},"end":{"line":54,"column":3}},"20":{"start":{"line":39,"column":4},"end":{"line":53,"column":7}},"21":{"start":{"line":40,"column":6},"end":{"line":40,"column":45}},"22":{"start":{"line":41,"column":6},"end":{"line":41,"column":28}},"23":{"start":{"line":42,"column":6},"end":{"line":42,"column":50}},"24":{"start":{"line":43,"column":6},"end":{"line":52,"column":9}},"25":{"start":{"line":44,"column":8},"end":{"line":47,"column":9}},"26":{"start":{"line":45,"column":10},"end":{"line":45,"column":42}},"27":{"start":{"line":46,"column":10},"end":{"line":46,"column":42}},"28":{"start":{"line":48,"column":23},"end":{"line":48,"column":40}},"29":{"start":{"line":49,"column":8},"end":{"line":49,"column":42}},"30":{"start":{"line":50,"column":8},"end":{"line":50,"column":31}},"31":{"start":{"line":51,"column":8},"end":{"line":51,"column":26}},"32":{"start":{"line":56,"column":2},"end":{"line":56,"column":51}},"33":{"start":{"line":56,"column":34},"end":{"line":56,"column":35}}},"fnMap":{"0":{"name":"useCommands","decl":{"start":{"line":8,"column":24},"end":{"line":8,"column":35}},"loc":{"start":{"line":8,"column":52},"end":{"line":57,"column":1}},"line":8},"1":{"name":"(anonymous_1)","decl":{"start":{"line":9,"column":44},"end":{"line":9,"column":45}},"loc":{"start":{"line":9,"column":50},"end":{"line":15,"column":3}},"line":9},"2":{"name":"(anonymous_2)","decl":{"start":{"line":17,"column":12},"end":{"line":17,"column":13}},"loc":{"start":{"line":17,"column":18},"end":{"line":21,"column":3}},"line":17},"3":{"name":"(anonymous_3)","decl":{"start":{"line":23,"column":12},"end":{"line":23,"column":13}},"loc":{"start":{"line":23,"column":18},"end":{"line":36,"column":3}},"line":23},"4":{"name":"(anonymous_4)","decl":{"start":{"line":27,"column":37},"end":{"line":27,"column":38}},"loc":{"start":{"line":27,"column":58},"end":{"line":33,"column":5}},"line":27},"5":{"name":"(anonymous_5)","decl":{"start":{"line":38,"column":22},"end":{"line":38,"column":23}},"loc":{"start":{"line":38,"column":42},"end":{"line":54,"column":3}},"line":38},"6":{"name":"(anonymous_6)","decl":{"start":{"line":39,"column":23},"end":{"line":39,"column":24}},"loc":{"start":{"line":39,"column":44},"end":{"line":53,"column":5}},"line":39},"7":{"name":"(anonymous_7)","decl":{"start":{"line":43,"column":40},"end":{"line":43,"column":41}},"loc":{"start":{"line":43,"column":61},"end":{"line":52,"column":7}},"line":43},"8":{"name":"(anonymous_8)","decl":{"start":{"line":56,"column":27},"end":{"line":56,"column":28}},"loc":{"start":{"line":56,"column":34},"end":{"line":56,"column":35}},"line":56}},"branchMap":{"0":{"loc":{"start":{"line":5,"column":20},"end":{"line":5,"column":48}},"type":"binary-expr","locations":[{"start":{"line":5,"column":20},"end":{"line":5,"column":40}},{"start":{"line":5,"column":44},"end":{"line":5,"column":48}}],"line":5},"1":{"loc":{"start":{"line":8,"column":36},"end":{"line":8,"column":50}},"type":"default-arg","locations":[{"start":{"line":8,"column":48},"end":{"line":8,"column":50}}],"line":8},"2":{"loc":{"start":{"line":10,"column":4},"end":{"line":12,"column":5}},"type":"if","locations":[{"start":{"line":10,"column":4},"end":{"line":12,"column":5}},{"start":{},"end":{}}],"line":10},"3":{"loc":{"start":{"line":10,"column":8},"end":{"line":10,"column":58}},"type":"binary-expr","locations":[{"start":{"line":10,"column":8},"end":{"line":10,"column":37}},{"start":{"line":10,"column":41},"end":{"line":10,"column":58}}],"line":10},"4":{"loc":{"start":{"line":18,"column":4},"end":{"line":20,"column":5}},"type":"if","locations":[{"start":{"line":18,"column":4},"end":{"line":20,"column":5}},{"start":{},"end":{}}],"line":18},"5":{"loc":{"start":{"line":24,"column":4},"end":{"line":24,"column":46}},"type":"if","locations":[{"start":{"line":24,"column":4},"end":{"line":24,"column":46}},{"start":{},"end":{}}],"line":24},"6":{"loc":{"start":{"line":25,"column":4},"end":{"line":25,"column":65}},"type":"if","locations":[{"start":{"line":25,"column":4},"end":{"line":25,"column":65}},{"start":{},"end":{}}],"line":25},"7":{"loc":{"start":{"line":25,"column":8},"end":{"line":25,"column":56}},"type":"binary-expr","locations":[{"start":{"line":25,"column":8},"end":{"line":25,"column":24}},{"start":{"line":25,"column":29},"end":{"line":25,"column":45}},{"start":{"line":25,"column":49},"end":{"line":25,"column":55}}],"line":25},"8":{"loc":{"start":{"line":28,"column":6},"end":{"line":30,"column":7}},"type":"if","locations":[{"start":{"line":28,"column":6},"end":{"line":30,"column":7}},{"start":{},"end":{}}],"line":28},"9":{"loc":{"start":{"line":29,"column":30},"end":{"line":29,"column":46}},"type":"binary-expr","locations":[{"start":{"line":29,"column":30},"end":{"line":29,"column":38}},{"start":{"line":29,"column":42},"end":{"line":29,"column":46}}],"line":29},"10":{"loc":{"start":{"line":44,"column":8},"end":{"line":47,"column":9}},"type":"if","locations":[{"start":{"line":44,"column":8},"end":{"line":47,"column":9}},{"start":{},"end":{}}],"line":44},"11":{"loc":{"start":{"line":49,"column":27},"end":{"line":49,"column":41}},"type":"binary-expr","locations":[{"start":{"line":49,"column":27},"end":{"line":49,"column":35}},{"start":{"line":49,"column":39},"end":{"line":49,"column":41}}],"line":49}},"s":{"0":2,"1":25,"2":11,"3":0,"4":11,"5":25,"6":11,"7":0,"8":25,"9":11,"10":0,"11":11,"12":0,"13":11,"14":0,"15":0,"16":0,"17":0,"18":11,"19":25,"20":0,"21":0,"22":0,"23":0,"24":0,"25":0,"26":0,"27":0,"28":0,"29":0,"30":0,"31":0,"32":25,"33":0},"f":{"0":25,"1":11,"2":11,"3":11,"4":0,"5":0,"6":0,"7":0,"8":0},"b":{"0":[2,2],"1":[25],"2":[0,11],"3":[11,11],"4":[0,11],"5":[0,11],"6":[0,11],"7":[11,11,0],"8":[0,0],"9":[0,0],"10":[0,0],"11":[0,0]},"_coverageSchema":"1a1c01bbd47fc00a2c39e90264f33305004495a9","hash":"dfba33c6b24a2919d4300616ad2e769e8a6bd223"}
,"C:\\Users\\becim\\git_personal\\t3\\discord-bot-creator\\renderer\\lib\\useEvents.js": {"path":"C:\\Users\\becim\\git_personal\\t3\\discord-bot-creator\\renderer\\lib\\useEvents.js","statementMap":{"0":{"start":{"line":5,"column":20},"end":{"line":5,"column":48}},"1":{"start":{"line":9,"column":31},"end":{"line":15,"column":4}},"2":{"start":{"line":10,"column":4},"end":{"line":12,"column":5}},"3":{"start":{"line":11,"column":6},"end":{"line":11,"column":29}},"4":{"start":{"line":14,"column":4},"end":{"line":14,"column":16}},"5":{"start":{"line":17,"column":2},"end":{"line":21,"column":15}},"6":{"start":{"line":18,"column":4},"end":{"line":20,"column":5}},"7":{"start":{"line":19,"column":6},"end":{"line":19,"column":30}},"8":{"start":{"line":23,"column":2},"end":{"line":36,"column":22}},"9":{"start":{"line":24,"column":4},"end":{"line":24,"column":46}},"10":{"start":{"line":24,"column":39},"end":{"line":24,"column":46}},"11":{"start":{"line":25,"column":4},"end":{"line":25,"column":61}},"12":{"start":{"line":25,"column":54},"end":{"line":25,"column":61}},"13":{"start":{"line":27,"column":4},"end":{"line":33,"column":7}},"14":{"start":{"line":28,"column":6},"end":{"line":30,"column":7}},"15":{"start":{"line":29,"column":8},"end":{"line":29,"column":44}},"16":{"start":{"line":31,"column":6},"end":{"line":31,"column":30}},"17":{"start":{"line":32,"column":6},"end":{"line":32,"column":25}},"18":{"start":{"line":35,"column":4},"end":{"line":35,"column":35}},"19":{"start":{"line":39,"column":20},"end":{"line":55,"column":3}},"20":{"start":{"line":40,"column":4},"end":{"line":54,"column":7}},"21":{"start":{"line":41,"column":6},"end":{"line":41,"column":43}},"22":{"start":{"line":42,"column":6},"end":{"line":42,"column":26}},"23":{"start":{"line":43,"column":6},"end":{"line":43,"column":46}},"24":{"start":{"line":44,"column":6},"end":{"line":53,"column":9}},"25":{"start":{"line":45,"column":8},"end":{"line":48,"column":9}},"26":{"start":{"line":46,"column":10},"end":{"line":46,"column":42}},"27":{"start":{"line":47,"column":10},"end":{"line":47,"column":42}},"28":{"start":{"line":49,"column":21},"end":{"line":49,"column":36}},"29":{"start":{"line":50,"column":8},"end":{"line":50,"column":38}},"30":{"start":{"line":51,"column":8},"end":{"line":51,"column":27}},"31":{"start":{"line":52,"column":8},"end":{"line":52,"column":24}},"32":{"start":{"line":57,"column":2},"end":{"line":57,"column":47}},"33":{"start":{"line":57,"column":32},"end":{"line":57,"column":33}}},"fnMap":{"0":{"name":"useEvents","decl":{"start":{"line":8,"column":24},"end":{"line":8,"column":33}},"loc":{"start":{"line":8,"column":50},"end":{"line":58,"column":1}},"line":8},"1":{"name":"(anonymous_1)","decl":{"start":{"line":9,"column":40},"end":{"line":9,"column":41}},"loc":{"start":{"line":9,"column":46},"end":{"line":15,"column":3}},"line":9},"2":{"name":"(anonymous_2)","decl":{"start":{"line":17,"column":12},"end":{"line":17,"column":13}},"loc":{"start":{"line":17,"column":18},"end":{"line":21,"column":3}},"line":17},"3":{"name":"(anonymous_3)","decl":{"start":{"line":23,"column":12},"end":{"line":23,"column":13}},"loc":{"start":{"line":23,"column":18},"end":{"line":36,"column":3}},"line":23},"4":{"name":"(anonymous_4)","decl":{"start":{"line":27,"column":35},"end":{"line":27,"column":36}},"loc":{"start":{"line":27,"column":54},"end":{"line":33,"column":5}},"line":27},"5":{"name":"(anonymous_5)","decl":{"start":{"line":39,"column":20},"end":{"line":39,"column":21}},"loc":{"start":{"line":39,"column":38},"end":{"line":55,"column":3}},"line":39},"6":{"name":"(anonymous_6)","decl":{"start":{"line":40,"column":23},"end":{"line":40,"column":24}},"loc":{"start":{"line":40,"column":44},"end":{"line":54,"column":5}},"line":40},"7":{"name":"(anonymous_7)","decl":{"start":{"line":44,"column":38},"end":{"line":44,"column":39}},"loc":{"start":{"line":44,"column":59},"end":{"line":53,"column":7}},"line":44},"8":{"name":"(anonymous_8)","decl":{"start":{"line":57,"column":25},"end":{"line":57,"column":26}},"loc":{"start":{"line":57,"column":32},"end":{"line":57,"column":33}},"line":57}},"branchMap":{"0":{"loc":{"start":{"line":5,"column":20},"end":{"line":5,"column":48}},"type":"binary-expr","locations":[{"start":{"line":5,"column":20},"end":{"line":5,"column":40}},{"start":{"line":5,"column":44},"end":{"line":5,"column":48}}],"line":5},"1":{"loc":{"start":{"line":8,"column":34},"end":{"line":8,"column":48}},"type":"default-arg","locations":[{"start":{"line":8,"column":46},"end":{"line":8,"column":48}}],"line":8},"2":{"loc":{"start":{"line":10,"column":4},"end":{"line":12,"column":5}},"type":"if","locations":[{"start":{"line":10,"column":4},"end":{"line":12,"column":5}},{"start":{},"end":{}}],"line":10},"3":{"loc":{"start":{"line":10,"column":8},"end":{"line":10,"column":56}},"type":"binary-expr","locations":[{"start":{"line":10,"column":8},"end":{"line":10,"column":37}},{"start":{"line":10,"column":41},"end":{"line":10,"column":56}}],"line":10},"4":{"loc":{"start":{"line":18,"column":4},"end":{"line":20,"column":5}},"type":"if","locations":[{"start":{"line":18,"column":4},"end":{"line":20,"column":5}},{"start":{},"end":{}}],"line":18},"5":{"loc":{"start":{"line":24,"column":4},"end":{"line":24,"column":46}},"type":"if","locations":[{"start":{"line":24,"column":4},"end":{"line":24,"column":46}},{"start":{},"end":{}}],"line":24},"6":{"loc":{"start":{"line":25,"column":4},"end":{"line":25,"column":61}},"type":"if","locations":[{"start":{"line":25,"column":4},"end":{"line":25,"column":61}},{"start":{},"end":{}}],"line":25},"7":{"loc":{"start":{"line":25,"column":8},"end":{"line":25,"column":52}},"type":"binary-expr","locations":[{"start":{"line":25,"column":8},"end":{"line":25,"column":22}},{"start":{"line":25,"column":27},"end":{"line":25,"column":41}},{"start":{"line":25,"column":45},"end":{"line":25,"column":51}}],"line":25},"8":{"loc":{"start":{"line":28,"column":6},"end":{"line":30,"column":7}},"type":"if","locations":[{"start":{"line":28,"column":6},"end":{"line":30,"column":7}},{"start":{},"end":{}}],"line":28},"9":{"loc":{"start":{"line":29,"column":28},"end":{"line":29,"column":42}},"type":"binary-expr","locations":[{"start":{"line":29,"column":28},"end":{"line":29,"column":34}},{"start":{"line":29,"column":38},"end":{"line":29,"column":42}}],"line":29},"10":{"loc":{"start":{"line":45,"column":8},"end":{"line":48,"column":9}},"type":"if","locations":[{"start":{"line":45,"column":8},"end":{"line":48,"column":9}},{"start":{},"end":{}}],"line":45},"11":{"loc":{"start":{"line":50,"column":25},"end":{"line":50,"column":37}},"type":"binary-expr","locations":[{"start":{"line":50,"column":25},"end":{"line":50,"column":31}},{"start":{"line":50,"column":35},"end":{"line":50,"column":37}}],"line":50}},"s":{"0":2,"1":25,"2":11,"3":0,"4":11,"5":25,"6":11,"7":0,"8":25,"9":11,"10":0,"11":11,"12":0,"13":11,"14":0,"15":0,"16":0,"17":0,"18":11,"19":25,"20":0,"21":0,"22":0,"23":0,"24":0,"25":0,"26":0,"27":0,"28":0,"29":0,"30":0,"31":0,"32":25,"33":0},"f":{"0":25,"1":11,"2":11,"3":11,"4":0,"5":0,"6":0,"7":0,"8":0},"b":{"0":[2,2],"1":[25],"2":[0,11],"3":[11,11],"4":[0,11],"5":[0,11],"6":[0,11],"7":[11,11,0],"8":[0,0],"9":[0,0],"10":[0,0],"11":[0,0]},"_coverageSchema":"1a1c01bbd47fc00a2c39e90264f33305004495a9","hash":"c7fd3d2fb88faed1dbde1ee28b628303bfa7d3f2"}
,"C:\\Users\\becim\\git_personal\\t3\\discord-bot-creator\\renderer\\lib\\useSettings.js": {"path":"C:\\Users\\becim\\git_personal\\t3\\discord-bot-creator\\renderer\\lib\\useSettings.js","statementMap":{"0":{"start":{"line":4,"column":20},"end":{"line":4,"column":48}},"1":{"start":{"line":6,"column":34},"end":{"line":12,"column":4}},"2":{"start":{"line":7,"column":4},"end":{"line":9,"column":5}},"3":{"start":{"line":8,"column":6},"end":{"line":8,"column":31}},"4":{"start":{"line":11,"column":4},"end":{"line":11,"column":16}},"5":{"start":{"line":14,"column":2},"end":{"line":26,"column":32}},"6":{"start":{"line":15,"column":4},"end":{"line":15,"column":35}},"7":{"start":{"line":15,"column":28},"end":{"line":15,"column":35}},"8":{"start":{"line":16,"column":4},"end":{"line":20,"column":7}},"9":{"start":{"line":17,"column":6},"end":{"line":17,"column":46}},"10":{"start":{"line":18,"column":6},"end":{"line":18,"column":34}},"11":{"start":{"line":19,"column":6},"end":{"line":19,"column":28}},"12":{"start":{"line":21,"column":4},"end":{"line":21,"column":37}},"13":{"start":{"line":23,"column":4},"end":{"line":25,"column":6}},"14":{"start":{"line":24,"column":6},"end":{"line":24,"column":53}},"15":{"start":{"line":28,"column":2},"end":{"line":28,"column":33}}},"fnMap":{"0":{"name":"useSettings","decl":{"start":{"line":5,"column":24},"end":{"line":5,"column":35}},"loc":{"start":{"line":5,"column":52},"end":{"line":29,"column":1}},"line":5},"1":{"name":"(anonymous_1)","decl":{"start":{"line":6,"column":43},"end":{"line":6,"column":44}},"loc":{"start":{"line":6,"column":49},"end":{"line":12,"column":3}},"line":6},"2":{"name":"(anonymous_2)","decl":{"start":{"line":14,"column":12},"end":{"line":14,"column":13}},"loc":{"start":{"line":14,"column":18},"end":{"line":26,"column":3}},"line":14},"3":{"name":"(anonymous_3)","decl":{"start":{"line":16,"column":35},"end":{"line":16,"column":36}},"loc":{"start":{"line":16,"column":56},"end":{"line":20,"column":5}},"line":16},"4":{"name":"(anonymous_4)","decl":{"start":{"line":23,"column":11},"end":{"line":23,"column":12}},"loc":{"start":{"line":23,"column":17},"end":{"line":25,"column":5}},"line":23}},"branchMap":{"0":{"loc":{"start":{"line":4,"column":20},"end":{"line":4,"column":48}},"type":"binary-expr","locations":[{"start":{"line":4,"column":20},"end":{"line":4,"column":40}},{"start":{"line":4,"column":44},"end":{"line":4,"column":48}}],"line":4},"1":{"loc":{"start":{"line":5,"column":36},"end":{"line":5,"column":50}},"type":"default-arg","locations":[{"start":{"line":5,"column":48},"end":{"line":5,"column":50}}],"line":5},"2":{"loc":{"start":{"line":7,"column":4},"end":{"line":9,"column":5}},"type":"if","locations":[{"start":{"line":7,"column":4},"end":{"line":9,"column":5}},{"start":{},"end":{}}],"line":7},"3":{"loc":{"start":{"line":7,"column":8},"end":{"line":7,"column":58}},"type":"binary-expr","locations":[{"start":{"line":7,"column":8},"end":{"line":7,"column":37}},{"start":{"line":7,"column":41},"end":{"line":7,"column":58}}],"line":7},"4":{"loc":{"start":{"line":15,"column":4},"end":{"line":15,"column":35}},"type":"if","locations":[{"start":{"line":15,"column":4},"end":{"line":15,"column":35}},{"start":{},"end":{}}],"line":15},"5":{"loc":{"start":{"line":15,"column":8},"end":{"line":15,"column":26}},"type":"binary-expr","locations":[{"start":{"line":15,"column":8},"end":{"line":15,"column":16}},{"start":{"line":15,"column":20},"end":{"line":15,"column":26}}],"line":15},"6":{"loc":{"start":{"line":17,"column":28},"end":{"line":17,"column":44}},"type":"binary-expr","locations":[{"start":{"line":17,"column":28},"end":{"line":17,"column":36}},{"start":{"line":17,"column":40},"end":{"line":17,"column":44}}],"line":17}},"s":{"0":2,"1":25,"2":11,"3":0,"4":11,"5":25,"6":11,"7":0,"8":11,"9":0,"10":0,"11":0,"12":11,"13":11,"14":11,"15":25},"f":{"0":25,"1":11,"2":11,"3":0,"4":11},"b":{"0":[2,2],"1":[25],"2":[0,11],"3":[11,11],"4":[0,11],"5":[11,0],"6":[0,0]},"_coverageSchema":"1a1c01bbd47fc00a2c39e90264f33305004495a9","hash":"3e6f28b9a6822b6439181899af5e02f1e0c06c80"}
,"C:\\Users\\becim\\git_personal\\t3\\discord-bot-creator\\renderer\\pages\\home.js": {"path":"C:\\Users\\becim\\git_personal\\t3\\discord-bot-creator\\renderer\\pages\\home.js","statementMap":{"0":{"start":{"line":16,"column":20},"end":{"line":16,"column":49}},"1":{"start":{"line":18,"column":24},"end":{"line":21,"column":1}},"2":{"start":{"line":19,"column":2},"end":{"line":19,"column":24}},"3":{"start":{"line":20,"column":2},"end":{"line":20,"column":38}},"4":{"start":{"line":24,"column":32},"end":{"line":24,"column":44}},"5":{"start":{"line":25,"column":48},"end":{"line":25,"column":60}},"6":{"start":{"line":26,"column":23},"end":{"line":26,"column":28}},"7":{"start":{"line":27,"column":17},"end":{"line":27,"column":28}},"8":{"start":{"line":30,"column":22},"end":{"line":41,"column":3}},"9":{"start":{"line":30,"column":34},"end":{"line":41,"column":3}},"10":{"start":{"line":31,"column":4},"end":{"line":31,"column":23}},"11":{"start":{"line":32,"column":4},"end":{"line":32,"column":24}},"12":{"start":{"line":33,"column":4},"end":{"line":33,"column":28}},"13":{"start":{"line":34,"column":4},"end":{"line":34,"column":31}},"14":{"start":{"line":35,"column":4},"end":{"line":35,"column":48}},"15":{"start":{"line":36,"column":4},"end":{"line":40,"column":7}},"16":{"start":{"line":37,"column":6},"end":{"line":37,"column":47}},"17":{"start":{"line":38,"column":6},"end":{"line":38,"column":32}},"18":{"start":{"line":39,"column":6},"end":{"line":39,"column":29}},"19":{"start":{"line":44,"column":4},"end":{"line":44,"column":40}},"20":{"start":{"line":64,"column":20},"end":{"line":66,"column":3}},"21":{"start":{"line":65,"column":4},"end":{"line":65,"column":40}},"22":{"start":{"line":68,"column":18},"end":{"line":71,"column":3}},"23":{"start":{"line":69,"column":4},"end":{"line":69,"column":26}},"24":{"start":{"line":70,"column":4},"end":{"line":70,"column":40}},"25":{"start":{"line":73,"column":2},"end":{"line":114,"column":4}},"26":{"start":{"line":88,"column":18},"end":{"line":99,"column":24}}},"fnMap":{"0":{"name":"(anonymous_0)","decl":{"start":{"line":18,"column":24},"end":{"line":18,"column":25}},"loc":{"start":{"line":18,"column":36},"end":{"line":21,"column":1}},"line":18},"1":{"name":"Dashboard","decl":{"start":{"line":23,"column":24},"end":{"line":23,"column":33}},"loc":{"start":{"line":23,"column":36},"end":{"line":115,"column":1}},"line":23},"2":{"name":"(anonymous_2)","decl":{"start":{"line":30,"column":22},"end":{"line":30,"column":23}},"loc":{"start":{"line":30,"column":34},"end":{"line":41,"column":3}},"line":30},"3":{"name":"(anonymous_3)","decl":{"start":{"line":30,"column":34},"end":{"line":30,"column":35}},"loc":{"start":{"line":30,"column":41},"end":{"line":41,"column":3}},"line":30},"4":{"name":"(anonymous_4)","decl":{"start":{"line":36,"column":40},"end":{"line":36,"column":41}},"loc":{"start":{"line":36,"column":46},"end":{"line":40,"column":5}},"line":36},"5":{"name":"pickFolder","decl":{"start":{"line":43,"column":11},"end":{"line":43,"column":21}},"loc":{"start":{"line":43,"column":24},"end":{"line":45,"column":3}},"line":43},"6":{"name":"(anonymous_6)","decl":{"start":{"line":64,"column":20},"end":{"line":64,"column":21}},"loc":{"start":{"line":64,"column":26},"end":{"line":66,"column":3}},"line":64},"7":{"name":"(anonymous_7)","decl":{"start":{"line":68,"column":18},"end":{"line":68,"column":19}},"loc":{"start":{"line":68,"column":30},"end":{"line":71,"column":3}},"line":68},"8":{"name":"(anonymous_8)","decl":{"start":{"line":87,"column":28},"end":{"line":87,"column":29}},"loc":{"start":{"line":88,"column":18},"end":{"line":99,"column":24}},"line":88}},"branchMap":{"0":{"loc":{"start":{"line":16,"column":20},"end":{"line":16,"column":49}},"type":"binary-expr","locations":[{"start":{"line":16,"column":20},"end":{"line":16,"column":40}},{"start":{"line":16,"column":44},"end":{"line":16,"column":49}}],"line":16},"1":{"loc":{"start":{"line":19,"column":11},"end":{"line":19,"column":23}},"type":"binary-expr","locations":[{"start":{"line":19,"column":11},"end":{"line":19,"column":17}},{"start":{"line":19,"column":21},"end":{"line":19,"column":23}}],"line":19},"2":{"loc":{"start":{"line":69,"column":13},"end":{"line":69,"column":25}},"type":"binary-expr","locations":[{"start":{"line":69,"column":13},"end":{"line":69,"column":19}},{"start":{"line":69,"column":23},"end":{"line":69,"column":25}}],"line":69},"3":{"loc":{"start":{"line":75,"column":7},"end":{"line":112,"column":7}},"type":"cond-expr","locations":[{"start":{"line":76,"column":8},"end":{"line":78,"column":20}},{"start":{"line":80,"column":8},"end":{"line":111,"column":11}}],"line":75},"4":{"loc":{"start":{"line":86,"column":15},"end":{"line":100,"column":18}},"type":"binary-expr","locations":[{"start":{"line":86,"column":15},"end":{"line":86,"column":27}},{"start":{"line":87,"column":16},"end":{"line":100,"column":18}}],"line":86},"5":{"loc":{"start":{"line":94,"column":25},"end":{"line":96,"column":32}},"type":"cond-expr","locations":[{"start":{"line":95,"column":26},"end":{"line":95,"column":66}},{"start":{"line":96,"column":28},"end":{"line":96,"column":32}}],"line":94}},"s":{"0":1,"1":1,"2":0,"3":0,"4":3,"5":3,"6":3,"7":3,"8":3,"9":0,"10":0,"11":0,"12":0,"13":0,"14":0,"15":0,"16":0,"17":0,"18":0,"19":0,"20":3,"21":0,"22":3,"23":0,"24":0,"25":3,"26":0},"f":{"0":0,"1":3,"2":0,"3":0,"4":0,"5":0,"6":0,"7":0,"8":0},"b":{"0":[1,1],"1":[0,0],"2":[0,0],"3":[0,3],"4":[3,0],"5":[0,0]},"_coverageSchema":"1a1c01bbd47fc00a2c39e90264f33305004495a9","hash":"f9ad57ee4f7508f89c24abd24af9ae4915d7d5e9"}
,"C:\\Users\\becim\\git_personal\\t3\\discord-bot-creator\\test_setup\\custom-queries.js": {"path":"C:\\Users\\becim\\git_personal\\t3\\discord-bot-creator\\test_setup\\custom-queries.js","statementMap":{"0":{"start":{"line":6,"column":25},"end":{"line":7,"column":54}},"1":{"start":{"line":7,"column":2},"end":{"line":7,"column":54}},"2":{"start":{"line":9,"column":25},"end":{"line":10,"column":73}},"3":{"start":{"line":10,"column":2},"end":{"line":10,"column":73}},"4":{"start":{"line":11,"column":24},"end":{"line":12,"column":75}},"5":{"start":{"line":12,"column":2},"end":{"line":12,"column":75}},"6":{"start":{"line":20,"column":4},"end":{"line":20,"column":69}}},"fnMap":{"0":{"name":"(anonymous_0)","decl":{"start":{"line":6,"column":25},"end":{"line":6,"column":26}},"loc":{"start":{"line":7,"column":2},"end":{"line":7,"column":54}},"line":7},"1":{"name":"(anonymous_1)","decl":{"start":{"line":9,"column":25},"end":{"line":9,"column":26}},"loc":{"start":{"line":10,"column":2},"end":{"line":10,"column":73}},"line":10},"2":{"name":"(anonymous_2)","decl":{"start":{"line":11,"column":24},"end":{"line":11,"column":25}},"loc":{"start":{"line":12,"column":2},"end":{"line":12,"column":75}},"line":12}},"branchMap":{},"s":{"0":3,"1":0,"2":3,"3":0,"4":3,"5":0,"6":3},"f":{"0":0,"1":0,"2":0},"b":{},"_coverageSchema":"1a1c01bbd47fc00a2c39e90264f33305004495a9","hash":"5c633fe13f81164cc0f7a5c8dd1484bfef90dc28"}
,"C:\\Users\\becim\\git_personal\\t3\\discord-bot-creator\\test_setup\\test-utils.js": {"path":"C:\\Users\\becim\\git_personal\\t3\\discord-bot-creator\\test_setup\\test-utils.js","statementMap":{"0":{"start":{"line":5,"column":21},"end":{"line":6,"column":67}},"1":{"start":{"line":6,"column":2},"end":{"line":6,"column":67}}},"fnMap":{"0":{"name":"(anonymous_0)","decl":{"start":{"line":5,"column":21},"end":{"line":5,"column":22}},"loc":{"start":{"line":6,"column":2},"end":{"line":6,"column":67}},"line":6}},"branchMap":{},"s":{"0":3,"1":13},"f":{"0":13},"b":{},"_coverageSchema":"1a1c01bbd47fc00a2c39e90264f33305004495a9","hash":"09bd07e4be1fd20e3fb4886e18c0f918c2d35afc"}
}
