TN:
SF:renderer\components\dashboard\DashboardContext.js
FN:11,useDashboardContext
FN:15,DashboardProvider
FN:32,(anonymous_2)
FN:33,(anonymous_3)
FN:36,(anonymous_4)
FN:38,(anonymous_5)
FN:43,(anonymous_6)
FN:48,(anonymous_7)
FN:50,(anonymous_8)
FN:54,(anonymous_9)
FN:59,(anonymous_10)
FN:70,(anonymous_11)
FN:75,(anonymous_12)
FN:83,(anonymous_13)
FN:103,(anonymous_14)
FN:112,(anonymous_15)
FN:129,(anonymous_16)
FN:139,(anonymous_17)
FN:152,(anonymous_18)
FN:160,(anonymous_19)
FN:170,(anonymous_20)
FN:179,(anonymous_21)
FN:183,(anonymous_22)
FN:202,(anonymous_23)
FN:211,(anonymous_24)
FN:218,(anonymous_25)
FN:222,(anonymous_26)
FN:223,(anonymous_27)
FN:226,(anonymous_28)
FN:233,(anonymous_29)
FNF:30
FNH:9
FNDA:49,useDashboardContext
FNDA:25,DashboardProvider
FNDA:11,(anonymous_2)
FNDA:0,(anonymous_3)
FNDA:0,(anonymous_4)
FNDA:11,(anonymous_5)
FNDA:11,(anonymous_6)
FNDA:11,(anonymous_7)
FNDA:0,(anonymous_8)
FNDA:11,(anonymous_9)
FNDA:11,(anonymous_10)
FNDA:0,(anonymous_11)
FNDA:0,(anonymous_12)
FNDA:0,(anonymous_13)
FNDA:3,(anonymous_14)
FNDA:0,(anonymous_15)
FNDA:0,(anonymous_16)
FNDA:0,(anonymous_17)
FNDA:0,(anonymous_18)
FNDA:0,(anonymous_19)
FNDA:0,(anonymous_20)
FNDA:0,(anonymous_21)
FNDA:0,(anonymous_22)
FNDA:0,(anonymous_23)
FNDA:0,(anonymous_24)
FNDA:0,(anonymous_25)
FNDA:0,(anonymous_26)
FNDA:0,(anonymous_27)
FNDA:0,(anonymous_28)
FNDA:0,(anonymous_29)
DA:9,2
DA:12,49
DA:16,25
DA:17,25
DA:18,25
DA:19,25
DA:21,25
DA:32,25
DA:33,11
DA:34,0
DA:35,0
DA:36,0
DA:38,11
DA:39,11
DA:43,25
DA:44,11
DA:45,0
DA:48,25
DA:50,11
DA:51,0
DA:54,11
DA:55,11
DA:59,25
DA:60,11
DA:61,11
DA:65,25
DA:66,25
DA:67,25
DA:68,25
DA:70,25
DA:75,25
DA:76,0
DA:83,25
DA:86,0
DA:87,0
DA:88,0
DA:90,0
DA:93,0
DA:96,0
DA:103,25
DA:104,3
DA:105,3
DA:112,25
DA:113,0
DA:119,0
DA:121,0
DA:122,0
DA:129,25
DA:130,0
DA:131,0
DA:139,25
DA:142,0
DA:143,0
DA:144,0
DA:146,0
DA:149,0
DA:152,0
DA:160,25
DA:161,0
DA:162,0
DA:163,0
DA:165,0
DA:166,0
DA:170,25
DA:171,0
DA:179,25
DA:180,0
DA:183,0
DA:186,0
DA:188,0
DA:189,0
DA:191,0
DA:193,0
DA:194,0
DA:202,25
DA:203,0
DA:204,0
DA:211,25
DA:212,0
DA:213,0
DA:215,0
DA:218,25
DA:219,0
DA:222,25
DA:223,0
DA:226,25
DA:227,0
DA:228,0
DA:229,0
DA:230,0
DA:232,0
DA:233,0
DA:234,0
DA:238,0
DA:241,25
DA:270,2
LF:96
LH:43
BRDA:44,0,0,11
BRDA:44,0,1,0
BRDA:44,1,0,11
BRDA:44,1,1,0
BRDA:60,2,0,0
BRDA:60,2,1,11
BRDA:65,3,0,25
BRDA:65,3,1,25
BRDA:65,4,0,0
BRDA:65,4,1,25
BRDA:66,5,0,25
BRDA:66,5,1,25
BRDA:67,6,0,25
BRDA:67,6,1,25
BRDA:68,7,0,25
BRDA:68,7,1,25
BRDA:70,8,0,25
BRDA:70,8,1,25
BRDA:86,9,0,0
BRDA:86,9,1,0
BRDA:88,10,0,0
BRDA:88,10,1,0
BRDA:142,11,0,0
BRDA:142,11,1,0
BRDA:144,12,0,0
BRDA:144,12,1,0
BRDA:160,13,0,0
BRDA:161,14,0,0
BRDA:161,14,1,0
BRDA:180,15,0,0
BRDA:180,15,1,0
BRDA:183,16,0,0
BRDA:183,16,1,0
BRDA:229,17,0,0
BRDA:229,17,1,0
BRF:35
BRH:14
end_of_record
TN:
SF:renderer\components\dashboard\command\CommandHeader.js
FN:6,DashboardWindowHeader
FN:9,(anonymous_1)
FN:13,(anonymous_2)
FN:17,(anonymous_3)
FNF:4
FNH:2
FNDA:23,DashboardWindowHeader
FNDA:2,(anonymous_1)
FNDA:0,(anonymous_2)
FNDA:0,(anonymous_3)
DA:7,23
DA:9,23
DA:10,2
DA:13,23
DA:14,0
DA:17,23
DA:18,0
DA:21,23
LF:8
LH:6
BRF:0
BRH:0
end_of_record
TN:
SF:renderer\components\dashboard\handlers\HandlerNameInput.js
FN:4,HandlerNameInput
FN:7,(anonymous_1)
FNF:2
FNH:2
FNDA:26,HandlerNameInput
FNDA:1,(anonymous_1)
DA:5,26
DA:7,25
DA:8,1
DA:11,25
LF:4
LH:4
BRDA:8,0,0,1
BRDA:8,0,1,0
BRF:2
BRH:1
end_of_record
TN:
SF:renderer\lib\useActions.js
FN:7,useActions
FN:8,(anonymous_1)
FN:16,(anonymous_2)
FN:27,(anonymous_3)
FN:36,(anonymous_4)
FN:41,(anonymous_5)
FNF:6
FNH:4
FNDA:25,useActions
FNDA:11,(anonymous_1)
FNDA:11,(anonymous_2)
FNDA:0,(anonymous_3)
FNDA:2,(anonymous_4)
FNDA:0,(anonymous_5)
DA:5,2
DA:8,25
DA:9,11
DA:10,0
DA:13,11
DA:16,25
DA:17,11
DA:18,9
DA:19,9
DA:22,2
DA:24,2
DA:25,2
DA:27,2
DA:28,0
DA:29,0
DA:30,0
DA:31,0
DA:34,2
DA:36,2
DA:37,2
DA:41,25
LF:21
LH:16
BRDA:5,0,0,2
BRDA:5,0,1,2
BRDA:7,1,0,25
BRDA:9,2,0,0
BRDA:9,2,1,11
BRDA:9,3,0,11
BRDA:9,3,1,11
BRDA:17,4,0,9
BRDA:17,4,1,2
BRDA:17,5,0,11
BRDA:17,5,1,2
BRDA:17,5,2,9
BRDA:41,6,0,25
BRDA:41,6,1,25
BRF:14
BRH:13
end_of_record
TN:
SF:renderer\lib\useCommands.js
FN:8,useCommands
FN:9,(anonymous_1)
FN:17,(anonymous_2)
FN:23,(anonymous_3)
FN:27,(anonymous_4)
FN:38,(anonymous_5)
FN:39,(anonymous_6)
FN:43,(anonymous_7)
FN:56,(anonymous_8)
FNF:9
FNH:4
FNDA:25,useCommands
FNDA:11,(anonymous_1)
FNDA:11,(anonymous_2)
FNDA:11,(anonymous_3)
FNDA:0,(anonymous_4)
FNDA:0,(anonymous_5)
FNDA:0,(anonymous_6)
FNDA:0,(anonymous_7)
FNDA:0,(anonymous_8)
DA:5,2
DA:9,25
DA:10,11
DA:11,0
DA:14,11
DA:17,25
DA:18,11
DA:19,0
DA:23,25
DA:24,11
DA:25,11
DA:27,11
DA:28,0
DA:29,0
DA:31,0
DA:32,0
DA:35,11
DA:38,25
DA:39,0
DA:40,0
DA:41,0
DA:42,0
DA:43,0
DA:44,0
DA:45,0
DA:46,0
DA:48,0
DA:49,0
DA:50,0
DA:51,0
DA:56,25
LF:31
LH:13
BRDA:5,0,0,2
BRDA:5,0,1,2
BRDA:8,1,0,25
BRDA:10,2,0,0
BRDA:10,2,1,11
BRDA:10,3,0,11
BRDA:10,3,1,11
BRDA:18,4,0,0
BRDA:18,4,1,11
BRDA:24,5,0,0
BRDA:24,5,1,11
BRDA:25,6,0,0
BRDA:25,6,1,11
BRDA:25,7,0,11
BRDA:25,7,1,11
BRDA:25,7,2,0
BRDA:28,8,0,0
BRDA:28,8,1,0
BRDA:29,9,0,0
BRDA:29,9,1,0
BRDA:44,10,0,0
BRDA:44,10,1,0
BRDA:49,11,0,0
BRDA:49,11,1,0
BRF:24
BRH:11
end_of_record
TN:
SF:renderer\lib\useEvents.js
FN:8,useEvents
FN:9,(anonymous_1)
FN:17,(anonymous_2)
FN:23,(anonymous_3)
FN:27,(anonymous_4)
FN:39,(anonymous_5)
FN:40,(anonymous_6)
FN:44,(anonymous_7)
FN:57,(anonymous_8)
FNF:9
FNH:4
FNDA:25,useEvents
FNDA:11,(anonymous_1)
FNDA:11,(anonymous_2)
FNDA:11,(anonymous_3)
FNDA:0,(anonymous_4)
FNDA:0,(anonymous_5)
FNDA:0,(anonymous_6)
FNDA:0,(anonymous_7)
FNDA:0,(anonymous_8)
DA:5,2
DA:9,25
DA:10,11
DA:11,0
DA:14,11
DA:17,25
DA:18,11
DA:19,0
DA:23,25
DA:24,11
DA:25,11
DA:27,11
DA:28,0
DA:29,0
DA:31,0
DA:32,0
DA:35,11
DA:39,25
DA:40,0
DA:41,0
DA:42,0
DA:43,0
DA:44,0
DA:45,0
DA:46,0
DA:47,0
DA:49,0
DA:50,0
DA:51,0
DA:52,0
DA:57,25
LF:31
LH:13
BRDA:5,0,0,2
BRDA:5,0,1,2
BRDA:8,1,0,25
BRDA:10,2,0,0
BRDA:10,2,1,11
BRDA:10,3,0,11
BRDA:10,3,1,11
BRDA:18,4,0,0
BRDA:18,4,1,11
BRDA:24,5,0,0
BRDA:24,5,1,11
BRDA:25,6,0,0
BRDA:25,6,1,11
BRDA:25,7,0,11
BRDA:25,7,1,11
BRDA:25,7,2,0
BRDA:28,8,0,0
BRDA:28,8,1,0
BRDA:29,9,0,0
BRDA:29,9,1,0
BRDA:45,10,0,0
BRDA:45,10,1,0
BRDA:50,11,0,0
BRDA:50,11,1,0
BRF:24
BRH:11
end_of_record
TN:
SF:renderer\lib\useSettings.js
FN:5,useSettings
FN:6,(anonymous_1)
FN:14,(anonymous_2)
FN:16,(anonymous_3)
FN:23,(anonymous_4)
FNF:5
FNH:4
FNDA:25,useSettings
FNDA:11,(anonymous_1)
FNDA:11,(anonymous_2)
FNDA:0,(anonymous_3)
FNDA:11,(anonymous_4)
DA:4,2
DA:6,25
DA:7,11
DA:8,0
DA:11,11
DA:14,25
DA:15,11
DA:16,11
DA:17,0
DA:18,0
DA:19,0
DA:21,11
DA:23,11
DA:24,11
DA:28,25
LF:15
LH:11
BRDA:4,0,0,2
BRDA:4,0,1,2
BRDA:5,1,0,25
BRDA:7,2,0,0
BRDA:7,2,1,11
BRDA:7,3,0,11
BRDA:7,3,1,11
BRDA:15,4,0,0
BRDA:15,4,1,11
BRDA:15,5,0,11
BRDA:15,5,1,0
BRDA:17,6,0,0
BRDA:17,6,1,0
BRF:13
BRH:8
end_of_record
TN:
SF:renderer\pages\home.js
FN:18,(anonymous_0)
FN:23,Dashboard
FN:30,(anonymous_2)
FN:30,(anonymous_3)
FN:36,(anonymous_4)
FN:43,pickFolder
FN:64,(anonymous_6)
FN:68,(anonymous_7)
FN:87,(anonymous_8)
FNF:9
FNH:1
FNDA:0,(anonymous_0)
FNDA:3,Dashboard
FNDA:0,(anonymous_2)
FNDA:0,(anonymous_3)
FNDA:0,(anonymous_4)
FNDA:0,pickFolder
FNDA:0,(anonymous_6)
FNDA:0,(anonymous_7)
FNDA:0,(anonymous_8)
DA:16,1
DA:18,1
DA:19,0
DA:20,0
DA:24,3
DA:25,3
DA:26,3
DA:27,3
DA:30,3
DA:31,0
DA:32,0
DA:33,0
DA:34,0
DA:35,0
DA:36,0
DA:37,0
DA:38,0
DA:39,0
DA:44,0
DA:64,3
DA:65,0
DA:68,3
DA:69,0
DA:70,0
DA:73,3
DA:88,0
LF:26
LH:10
BRDA:16,0,0,1
BRDA:16,0,1,1
BRDA:19,1,0,0
BRDA:19,1,1,0
BRDA:69,2,0,0
BRDA:69,2,1,0
BRDA:75,3,0,0
BRDA:75,3,1,3
BRDA:86,4,0,3
BRDA:86,4,1,0
BRDA:94,5,0,0
BRDA:94,5,1,0
BRF:12
BRH:4
end_of_record
TN:
SF:test_setup\custom-queries.js
FN:6,(anonymous_0)
FN:9,(anonymous_1)
FN:11,(anonymous_2)
FNF:3
FNH:0
FNDA:0,(anonymous_0)
FNDA:0,(anonymous_1)
FNDA:0,(anonymous_2)
DA:6,3
DA:7,0
DA:9,3
DA:10,0
DA:11,3
DA:12,0
DA:20,3
LF:7
LH:4
BRF:0
BRH:0
end_of_record
TN:
SF:test_setup\test-utils.js
FN:5,(anonymous_0)
FNF:1
FNH:1
FNDA:13,(anonymous_0)
DA:5,3
DA:6,13
LF:2
LH:2
BRF:0
BRH:0
end_of_record
